Copyright 1986-2018 Xilinx, Inc. All Rights Reserved.
----------------------------------------------------------------------------------------
| Tool Version : Vivado v.2018.2 (win64) Build 2258646 Thu Jun 14 20:03:12 MDT 2018
| Date         : Mon Mar  9 17:13:56 2020
| Host         : LAPTOP-POFBC7DQ running 64-bit major release  (build 9200)
| Command      : report_control_sets -verbose -file Top_Student_control_sets_placed.rpt
| Design       : Top_Student
| Device       : xc7a35t
----------------------------------------------------------------------------------------

Control Set Information

Table of Contents
-----------------
1. Summary
2. Histogram
3. Flip-Flop Distribution
4. Detailed Control Set Information

1. Summary
----------

+----------------------------------------------------------+-------+
|                          Status                          | Count |
+----------------------------------------------------------+-------+
| Number of unique control sets                            |     7 |
| Unused register locations in slices containing registers |    22 |
+----------------------------------------------------------+-------+


2. Histogram
------------

+--------+--------------+
| Fanout | Control Sets |
+--------+--------------+
|      2 |            1 |
|      4 |            1 |
|      8 |            1 |
|    16+ |            4 |
+--------+--------------+


3. Flip-Flop Distribution
-------------------------

+--------------+-----------------------+------------------------+-----------------+--------------+
| Clock Enable | Synchronous Set/Reset | Asynchronous Set/Reset | Total Registers | Total Slices |
+--------------+-----------------------+------------------------+-----------------+--------------+
| No           | No                    | No                     |              14 |            4 |
| No           | No                    | Yes                    |               0 |            0 |
| No           | Yes                   | No                     |             124 |           20 |
| Yes          | No                    | No                     |               0 |            0 |
| Yes          | No                    | Yes                    |               0 |            0 |
| Yes          | Yes                   | No                     |             104 |           16 |
+--------------+-----------------------+------------------------+-----------------+--------------+


4. Detailed Control Set Information
-----------------------------------

+----------------------+----------------------------------+-------------------------------------+------------------+----------------+
|     Clock Signal     |           Enable Signal          |           Set/Reset Signal          | Slice Load Count | Bel Load Count |
+----------------------+----------------------------------+-------------------------------------+------------------+----------------+
| ~clk6p25m_BUFG       |                                  |                                     |                1 |              2 |
|  clk6p25m_BUFG       |                                  |                                     |                2 |              4 |
|  CLK100MHZ_IBUF_BUFG |                                  |                                     |                1 |              8 |
| ~clk6p25m_BUFG       |                                  | dsp0/dff0/reset                     |                4 |             34 |
| ~clk6p25m_BUFG       | od0/delay[0]_i_1_n_0             | dsp0/dff0/reset                     |                5 |             40 |
| ~clk6p25m_BUFG       | od0/FSM_onehot_state[31]_i_2_n_0 | dsp0/dff0/reset                     |               11 |             64 |
| ~clk6p25m_BUFG       |                                  | dsp0/dff1/spi_word_bit_count_reg[5] |               16 |             90 |
+----------------------+----------------------------------+-------------------------------------+------------------+----------------+


