#-----------------------------------------------------------
# Vivado v2018.2 (64-bit)
# SW Build 2258646 on Thu Jun 14 20:03:12 MDT 2018
# IP Build 2256618 on Thu Jun 14 22:10:49 MDT 2018
# Start of session at: Mon Mar  9 15:18:21 2020
# Process ID: 11008
# Current directory: C:/Users/raman/Desktop/EE Project/EE2026-FPGA-Project
# Command line: vivado.exe -gui_launcher_event rodinguilauncherevent41128 C:\Users\raman\Desktop\EE Project\EE2026-FPGA-Project\SoundDisplay.xpr
# Log file: C:/Users/raman/Desktop/EE Project/EE2026-FPGA-Project/vivado.log
# Journal file: C:/Users/raman/Desktop/EE Project/EE2026-FPGA-Project\vivado.jou
#-----------------------------------------------------------
start_gui
open_project {C:/Users/raman/Desktop/EE Project/EE2026-FPGA-Project/SoundDisplay.xpr}
INFO: [Project 1-313] Project file moved from 'C:/Users/wiraa/Documents/School/EE2026/Verilog/SoundDisplay/SoundDisplay' since last save.
Scanning sources...
Finished scanning sources
INFO: [IP_Flow 19-234] Refreshing IP repositories
INFO: [IP_Flow 19-1704] No user IP repositories specified
INFO: [IP_Flow 19-2313] Loaded Vivado IP repository 'C:/Xilinx/Vivado/2018.2/data/ip'.
update_compile_order -fileset sources_1
close [ open {C:/Users/raman/Desktop/EE Project/EE2026-FPGA-Project/SoundDisplay.srcs/sources_1/new/clk_oled.v} w ]
add_files {{C:/Users/raman/Desktop/EE Project/EE2026-FPGA-Project/SoundDisplay.srcs/sources_1/new/clk_oled.v}}
update_compile_order -fileset sources_1
close [ open {C:/Users/raman/Desktop/EE Project/EE2026-FPGA-Project/SoundDisplay.srcs/sources_1/new/debounce_single_pulse.v} w ]
add_files {{C:/Users/raman/Desktop/EE Project/EE2026-FPGA-Project/SoundDisplay.srcs/sources_1/new/debounce_single_pulse.v}}
update_compile_order -fileset sources_1
close [ open {C:/Users/raman/Desktop/EE Project/EE2026-FPGA-Project/SoundDisplay.srcs/sources_1/new/dff.v} w ]
add_files {{C:/Users/raman/Desktop/EE Project/EE2026-FPGA-Project/SoundDisplay.srcs/sources_1/new/dff.v}}
update_compile_order -fileset sources_1
launch_runs impl_1 -jobs 4
[Mon Mar  9 16:03:05 2020] Launched synth_1...
Run output will be captured here: C:/Users/raman/Desktop/EE Project/EE2026-FPGA-Project/SoundDisplay.runs/synth_1/runme.log
[Mon Mar  9 16:03:06 2020] Launched impl_1...
Run output will be captured here: C:/Users/raman/Desktop/EE Project/EE2026-FPGA-Project/SoundDisplay.runs/impl_1/runme.log
launch_runs impl_1 -to_step write_bitstream -jobs 4
[Mon Mar  9 16:06:19 2020] Launched impl_1...
Run output will be captured here: C:/Users/raman/Desktop/EE Project/EE2026-FPGA-Project/SoundDisplay.runs/impl_1/runme.log
reset_run synth_1
launch_runs impl_1 -jobs 4
[Mon Mar  9 16:09:21 2020] Launched synth_1...
Run output will be captured here: C:/Users/raman/Desktop/EE Project/EE2026-FPGA-Project/SoundDisplay.runs/synth_1/runme.log
[Mon Mar  9 16:09:21 2020] Launched impl_1...
Run output will be captured here: C:/Users/raman/Desktop/EE Project/EE2026-FPGA-Project/SoundDisplay.runs/impl_1/runme.log
launch_runs impl_1 -to_step write_bitstream -jobs 4
[Mon Mar  9 16:11:33 2020] Launched impl_1...
Run output will be captured here: C:/Users/raman/Desktop/EE Project/EE2026-FPGA-Project/SoundDisplay.runs/impl_1/runme.log
reset_run synth_1
launch_runs impl_1 -jobs 4
[Mon Mar  9 16:42:49 2020] Launched synth_1...
Run output will be captured here: C:/Users/raman/Desktop/EE Project/EE2026-FPGA-Project/SoundDisplay.runs/synth_1/runme.log
[Mon Mar  9 16:42:49 2020] Launched impl_1...
Run output will be captured here: C:/Users/raman/Desktop/EE Project/EE2026-FPGA-Project/SoundDisplay.runs/impl_1/runme.log
launch_runs impl_1 -to_step write_bitstream -jobs 4
[Mon Mar  9 16:45:01 2020] Launched impl_1...
Run output will be captured here: C:/Users/raman/Desktop/EE Project/EE2026-FPGA-Project/SoundDisplay.runs/impl_1/runme.log
reset_run impl_1
launch_runs impl_1 -jobs 4
[Mon Mar  9 16:48:04 2020] Launched impl_1...
Run output will be captured here: C:/Users/raman/Desktop/EE Project/EE2026-FPGA-Project/SoundDisplay.runs/impl_1/runme.log
launch_runs impl_1 -to_step write_bitstream -jobs 4
[Mon Mar  9 16:49:38 2020] Launched impl_1...
Run output will be captured here: C:/Users/raman/Desktop/EE Project/EE2026-FPGA-Project/SoundDisplay.runs/impl_1/runme.log
reset_run impl_1
launch_runs impl_1 -jobs 4
[Mon Mar  9 16:51:40 2020] Launched impl_1...
Run output will be captured here: C:/Users/raman/Desktop/EE Project/EE2026-FPGA-Project/SoundDisplay.runs/impl_1/runme.log
launch_runs impl_1 -to_step write_bitstream -jobs 4
[Mon Mar  9 16:53:12 2020] Launched impl_1...
Run output will be captured here: C:/Users/raman/Desktop/EE Project/EE2026-FPGA-Project/SoundDisplay.runs/impl_1/runme.log
set_property top Top_Student [current_fileset]
update_compile_order -fileset sources_1
reset_run synth_1
launch_runs impl_1 -jobs 4
[Mon Mar  9 16:55:03 2020] Launched synth_1...
Run output will be captured here: C:/Users/raman/Desktop/EE Project/EE2026-FPGA-Project/SoundDisplay.runs/synth_1/runme.log
[Mon Mar  9 16:55:03 2020] Launched impl_1...
Run output will be captured here: C:/Users/raman/Desktop/EE Project/EE2026-FPGA-Project/SoundDisplay.runs/impl_1/runme.log
launch_runs impl_1 -to_step write_bitstream -jobs 4
[Mon Mar  9 16:57:35 2020] Launched impl_1...
Run output will be captured here: C:/Users/raman/Desktop/EE Project/EE2026-FPGA-Project/SoundDisplay.runs/impl_1/runme.log
reset_run synth_1
launch_runs impl_1 -jobs 4
[Mon Mar  9 16:59:38 2020] Launched synth_1...
Run output will be captured here: C:/Users/raman/Desktop/EE Project/EE2026-FPGA-Project/SoundDisplay.runs/synth_1/runme.log
[Mon Mar  9 16:59:38 2020] Launched impl_1...
Run output will be captured here: C:/Users/raman/Desktop/EE Project/EE2026-FPGA-Project/SoundDisplay.runs/impl_1/runme.log
reset_run impl_1
reset_run synth_1
launch_runs impl_1 -jobs 4
[Mon Mar  9 17:01:39 2020] Launched synth_1...
Run output will be captured here: C:/Users/raman/Desktop/EE Project/EE2026-FPGA-Project/SoundDisplay.runs/synth_1/runme.log
[Mon Mar  9 17:01:39 2020] Launched impl_1...
Run output will be captured here: C:/Users/raman/Desktop/EE Project/EE2026-FPGA-Project/SoundDisplay.runs/impl_1/runme.log
launch_runs impl_1 -to_step write_bitstream -jobs 4
[Mon Mar  9 17:03:58 2020] Launched impl_1...
Run output will be captured here: C:/Users/raman/Desktop/EE Project/EE2026-FPGA-Project/SoundDisplay.runs/impl_1/runme.log
update_compile_order -fileset sources_1
reset_run synth_1
launch_runs impl_1 -to_step write_bitstream -jobs 4
[Mon Mar  9 17:06:33 2020] Launched synth_1...
Run output will be captured here: C:/Users/raman/Desktop/EE Project/EE2026-FPGA-Project/SoundDisplay.runs/synth_1/runme.log
[Mon Mar  9 17:06:33 2020] Launched impl_1...
Run output will be captured here: C:/Users/raman/Desktop/EE Project/EE2026-FPGA-Project/SoundDisplay.runs/impl_1/runme.log
reset_run synth_1
launch_runs impl_1 -to_step write_bitstream -jobs 4
[Mon Mar  9 17:09:05 2020] Launched synth_1...
Run output will be captured here: C:/Users/raman/Desktop/EE Project/EE2026-FPGA-Project/SoundDisplay.runs/synth_1/runme.log
[Mon Mar  9 17:09:05 2020] Launched impl_1...
Run output will be captured here: C:/Users/raman/Desktop/EE Project/EE2026-FPGA-Project/SoundDisplay.runs/impl_1/runme.log
reset_run synth_1
launch_runs impl_1 -to_step write_bitstream -jobs 4
[Mon Mar  9 17:12:18 2020] Launched synth_1...
Run output will be captured here: C:/Users/raman/Desktop/EE Project/EE2026-FPGA-Project/SoundDisplay.runs/synth_1/runme.log
[Mon Mar  9 17:12:18 2020] Launched impl_1...
Run output will be captured here: C:/Users/raman/Desktop/EE Project/EE2026-FPGA-Project/SoundDisplay.runs/impl_1/runme.log
